d:\leva\bsu\oimp\tasks\2_sem\lessons\03_03_23\lesson_8_1\debug\vc142.pdb
d:\leva\bsu\oimp\tasks\2_sem\lessons\03_03_23\lesson_8_1\debug\vc142.idb
d:\leva\bsu\oimp\tasks\2_sem\lessons\03_03_23\lesson_8_1\debug\lesson_8_1.obj
d:\leva\bsu\oimp\tasks\2_sem\lessons\03_03_23\lesson_8_1\debug\lesson_8_1.pdb
d:\leva\bsu\oimp\tasks\2_sem\lessons\03_03_23\lesson_8_1\debug\lesson_8_1.tlog\cl.command.1.tlog
d:\leva\bsu\oimp\tasks\2_sem\lessons\03_03_23\lesson_8_1\debug\lesson_8_1.tlog\cl.read.1.tlog
d:\leva\bsu\oimp\tasks\2_sem\lessons\03_03_23\lesson_8_1\debug\lesson_8_1.tlog\cl.write.1.tlog
d:\leva\bsu\oimp\tasks\2_sem\lessons\03_03_23\lesson_8_1\debug\lesson_8_1.tlog\link-cvtres.read.1.tlog
d:\leva\bsu\oimp\tasks\2_sem\lessons\03_03_23\lesson_8_1\debug\lesson_8_1.tlog\link-cvtres.write.1.tlog
d:\leva\bsu\oimp\tasks\2_sem\lessons\03_03_23\lesson_8_1\debug\lesson_8_1.tlog\link-rc.read.1.tlog
d:\leva\bsu\oimp\tasks\2_sem\lessons\03_03_23\lesson_8_1\debug\lesson_8_1.tlog\link-rc.write.1.tlog
d:\leva\bsu\oimp\tasks\2_sem\lessons\03_03_23\lesson_8_1\debug\lesson_8_1.tlog\link.5264-cvtres.read.1.tlog
d:\leva\bsu\oimp\tasks\2_sem\lessons\03_03_23\lesson_8_1\debug\lesson_8_1.tlog\link.5264-cvtres.write.1.tlog
d:\leva\bsu\oimp\tasks\2_sem\lessons\03_03_23\lesson_8_1\debug\lesson_8_1.tlog\link.5264-rc.read.1.tlog
d:\leva\bsu\oimp\tasks\2_sem\lessons\03_03_23\lesson_8_1\debug\lesson_8_1.tlog\link.5264-rc.write.1.tlog
d:\leva\bsu\oimp\tasks\2_sem\lessons\03_03_23\lesson_8_1\debug\lesson_8_1.tlog\link.5264.read.1.tlog
d:\leva\bsu\oimp\tasks\2_sem\lessons\03_03_23\lesson_8_1\debug\lesson_8_1.tlog\link.5264.write.1.tlog
d:\leva\bsu\oimp\tasks\2_sem\lessons\03_03_23\lesson_8_1\debug\lesson_8_1.tlog\link.command.1.tlog
d:\leva\bsu\oimp\tasks\2_sem\lessons\03_03_23\lesson_8_1\debug\lesson_8_1.tlog\link.read.1.tlog
d:\leva\bsu\oimp\tasks\2_sem\lessons\03_03_23\lesson_8_1\debug\lesson_8_1.tlog\link.write.1.tlog
