d:\leva\bsu\оимп\tasks\занятия\23_11_22\array\debug\vc142.pdb
d:\leva\bsu\оимп\tasks\занятия\23_11_22\array\debug\vc142.idb
d:\leva\bsu\oimp\tasks\занятия\23_11_22\array\debug\vc142.pdb
d:\leva\bsu\oimp\tasks\занятия\23_11_22\array\debug\vc142.idb
d:\leva\bsu\oimp\tasks\занятия\23_11_22\array\debug\array.obj
d:\leva\bsu\oimp\tasks\занятия\23_11_22\array\debug\main.obj
d:\leva\bsu\oimp\tasks\занятия\23_11_22\array\debug\array.exe
d:\leva\bsu\oimp\tasks\занятия\23_11_22\array\debug\array.ilk
d:\leva\bsu\oimp\tasks\занятия\23_11_22\array\debug\array.pdb
d:\leva\bsu\oimp\tasks\занятия\new array\array\debug\array.obj
d:\leva\bsu\oimp\tasks\занятия\new array\array\debug\main.obj
d:\leva\bsu\oimp\tasks\занятия\new array\array\debug\array.ilk
d:\leva\bsu\oimp\tasks\занятия\new array\array\debug\vc142.idb
d:\leva\bsu\oimp\tasks\занятия\new array\array\debug\array.pdb
d:\leva\bsu\oimp\tasks\занятия\new array\array\debug\vc142.pdb
d:\leva\bsu\oimp\tasks\занятия\new array\array\debug\array.exe
d:\leva\bsu\oimp\tasks\занятия\new array\array\debug\array.tlog\cl.command.1.tlog
d:\leva\bsu\oimp\tasks\занятия\new array\array\debug\array.tlog\cl.read.1.tlog
d:\leva\bsu\oimp\tasks\занятия\new array\array\debug\array.tlog\cl.write.1.tlog
d:\leva\bsu\oimp\tasks\занятия\new array\array\debug\array.tlog\link.command.1.tlog
d:\leva\bsu\oimp\tasks\занятия\new array\array\debug\array.tlog\link.read.1.tlog
d:\leva\bsu\oimp\tasks\занятия\new array\array\debug\array.tlog\link.write.1.tlog
